[2026-06-26 00:51:26.114 INF] SaveCol: StatusColor idx=0 width=20 IsAbs=true
[2026-06-26 00:51:26.116 INF] SaveCol: nameRu idx=1 width=77.89895725250247 IsAbs=true
[2026-06-26 00:51:26.116 INF] SaveCol: WhiteTimeExact idx=5 width=50.53318917088984 IsAbs=true
[2026-06-26 00:51:26.116 INF] SaveCol: WhiteTimeExact idx=2 width=50.53318917088984 IsAbs=true
[2026-06-26 00:51:26.116 INF] SaveCol: fillingSpheretime idx=3 width=43.03484869003296 IsAbs=true
[2026-06-26 00:51:26.116 INF] SaveCol: RedTimeExact idx=6 width=70 IsAbs=true
[2026-06-26 00:51:26.116 INF] SaveCol: commentary idx=7 width=150 IsAbs=true
[2026-06-26 00:51:26.116 INF] SaveCol: OwnerClanName idx=4 width=72.00046539391039 IsAbs=true
[2026-06-26 00:51:26.117 INF] SaveColumnOrder saved: {"StatusColor":[0,20],"nameRu":[1,77.89895725250247],"WhiteTimeExact":[2,50.53318917088984],"fillingSpheretime":[3,43.03484869003296],"RedTimeExact":[6,70],"commentary":[7,150],"OwnerClanName":[4,72.00046539391039]}
[2026-06-26 00:51:26.124 INF] === DollOverlay остановлен ===
[2026-06-26 07:42:42.027 INF] === DollOverlay запущен ===
[2026-06-26 07:42:42.364 INF] LoadColumnOrder: loaded json={"StatusColor":[0,20],"nameRu":[1,77.89895725250247],"WhiteTimeExact":[2,50.53318917088984],"fillingSpheretime":[3,43.03484869003296],"RedTimeExact":[6,70],"commentary":[7,150],"OwnerClanName":[4,72.00046539391039]}
[2026-06-26 07:42:42.370 INF] LoadCol: StatusColor width 10 -> 20
[2026-06-26 07:42:42.374 INF] LoadCol: nameRu width 120 -> 77.89895725250247
[2026-06-26 07:42:42.374 INF] LoadCol: WhiteTimeExact width 70 -> 50.53318917088984
[2026-06-26 07:42:42.375 INF] LoadCol: WhiteTimeExact width 70 -> 50.53318917088984
[2026-06-26 07:42:42.375 INF] LoadCol: fillingSpheretime width 50 -> 43.03484869003296
[2026-06-26 07:42:42.375 INF] LoadCol: RedTimeExact width 70 -> 70
[2026-06-26 07:42:42.375 INF] LoadCol: commentary width 150 -> 150
[2026-06-26 07:42:42.375 INF] LoadCol: OwnerClanName width 70 -> 72.00046539391039
[2026-06-26 08:02:49.471 INF] SaveCol: StatusColor idx=0 width=20 IsAbs=true
[2026-06-26 08:02:49.473 INF] SaveCol: nameRu idx=1 width=77.89895725250247 IsAbs=true
[2026-06-26 08:02:49.473 INF] SaveCol: WhiteTimeExact idx=5 width=50.53318917088984 IsAbs=true
[2026-06-26 08:02:49.473 INF] SaveCol: WhiteTimeExact idx=2 width=50.53318917088984 IsAbs=true
[2026-06-26 08:02:49.473 INF] SaveCol: fillingSpheretime idx=3 width=43.03484869003296 IsAbs=true
[2026-06-26 08:02:49.473 INF] SaveCol: RedTimeExact idx=6 width=70 IsAbs=true
[2026-06-26 08:02:49.473 INF] SaveCol: commentary idx=7 width=150 IsAbs=true
[2026-06-26 08:02:49.473 INF] SaveCol: OwnerClanName idx=4 width=72.00046539391039 IsAbs=true
[2026-06-26 08:02:49.474 INF] SaveColumnOrder saved: {"StatusColor":[0,20],"nameRu":[1,77.89895725250247],"WhiteTimeExact":[2,50.53318917088984],"fillingSpheretime":[3,43.03484869003296],"RedTimeExact":[6,70],"commentary":[7,150],"OwnerClanName":[4,72.00046539391039]}
[2026-06-26 08:02:49.499 INF] === DollOverlay остановлен ===
